
> backend@0.0.1 start
> nest start

[32m[Nest] 72345  - [39m03/17/2022, 5:57:43 PM [32m    LOG[39m [38;5;3m[NestFactory] [39m[32mStarting Nest application...[39m
[32m[Nest] 72345  - [39m03/17/2022, 5:57:43 PM [32m    LOG[39m [38;5;3m[InstanceLoader] [39m[32mChatModule dependencies initialized[39m[38;5;3m +22ms[39m
[32m[Nest] 72345  - [39m03/17/2022, 5:57:43 PM [32m    LOG[39m [38;5;3m[InstanceLoader] [39m[32mAppModule dependencies initialized[39m[38;5;3m +0ms[39m
[32m[Nest] 72345  - [39m03/17/2022, 5:57:43 PM [32m    LOG[39m [38;5;3m[WebSocketsController] [39m[32mChatGateway subscribed to the "chat" message[39m
[32m[Nest] 72345  - [39m03/17/2022, 5:57:43 PM [32m    LOG[39m [38;5;3m[RoutesResolver] [39m[32mAppController {/}:[39m[38;5;3m +34ms[39m
[32m[Nest] 72345  - [39m03/17/2022, 5:57:43 PM [32m    LOG[39m [38;5;3m[RouterExplorer] [39m[32mMapped {/, GET} route[39m[38;5;3m +2ms[39m
[32m[Nest] 72345  - [39m03/17/2022, 5:57:43 PM [32m    LOG[39m [38;5;3m[NestApplication] [39m[32mNest application successfully started[39m[38;5;3m +2ms[39m

> backend@0.0.1 start
> nest start

[32m[Nest] 72688  - [39m03/17/2022, 5:58:38 PM [32m    LOG[39m [38;5;3m[NestFactory] [39m[32mStarting Nest application...[39m
[32m[Nest] 72688  - [39m03/17/2022, 5:58:38 PM [32m    LOG[39m [38;5;3m[InstanceLoader] [39m[32mChatModule dependencies initialized[39m[38;5;3m +22ms[39m
[32m[Nest] 72688  - [39m03/17/2022, 5:58:38 PM [32m    LOG[39m [38;5;3m[InstanceLoader] [39m[32mAppModule dependencies initialized[39m[38;5;3m +0ms[39m
[32m[Nest] 72688  - [39m03/17/2022, 5:58:38 PM [32m    LOG[39m [38;5;3m[WebSocketsController] [39m[32mChatGateway subscribed to the "chat" message[39m
[32m[Nest] 72688  - [39m03/17/2022, 5:58:38 PM [32m    LOG[39m [38;5;3m[RoutesResolver] [39m[32mAppController {/}:[39m[38;5;3m +33ms[39m
[32m[Nest] 72688  - [39m03/17/2022, 5:58:38 PM [32m    LOG[39m [38;5;3m[RouterExplorer] [39m[32mMapped {/, GET} route[39m[38;5;3m +2ms[39m
[32m[Nest] 72688  - [39m03/17/2022, 5:58:38 PM [32m    LOG[39m [38;5;3m[NestApplication] [39m[32mNest application successfully started[39m[38;5;3m +2ms[39m
Terminated

> backend@0.0.1 start
> nest start

[32m[Nest] 72924  - [39m03/17/2022, 5:58:55 PM [32m    LOG[39m [38;5;3m[NestFactory] [39m[32mStarting Nest application...[39m
[32m[Nest] 72924  - [39m03/17/2022, 5:58:55 PM [32m    LOG[39m [38;5;3m[InstanceLoader] [39m[32mChatModule dependencies initialized[39m[38;5;3m +23ms[39m
[32m[Nest] 72924  - [39m03/17/2022, 5:58:55 PM [32m    LOG[39m [38;5;3m[InstanceLoader] [39m[32mAppModule dependencies initialized[39m[38;5;3m +0ms[39m
[32m[Nest] 72924  - [39m03/17/2022, 5:58:55 PM [32m    LOG[39m [38;5;3m[WebSocketsController] [39m[32mChatGateway subscribed to the "chat" message[39m
[32m[Nest] 72924  - [39m03/17/2022, 5:58:55 PM [32m    LOG[39m [38;5;3m[RoutesResolver] [39m[32mAppController {/}:[39m[38;5;3m +35ms[39m
[32m[Nest] 72924  - [39m03/17/2022, 5:58:55 PM [32m    LOG[39m [38;5;3m[RouterExplorer] [39m[32mMapped {/, GET} route[39m[38;5;3m +2ms[39m
[32m[Nest] 72924  - [39m03/17/2022, 5:58:55 PM [32m    LOG[39m [38;5;3m[NestApplication] [39m[32mNest application successfully started[39m[38;5;3m +1ms[39m
Terminated
